[2025-05-23T13:26:49.465+0000] {manager.py:483} INFO - Processing files using up to 2 processes at a time 
[2025-05-23T13:26:49.465+0000] {manager.py:484} INFO - Process each file at most once every 30 seconds
[2025-05-23T13:26:49.466+0000] {manager.py:485} INFO - Checking for new files in /opt/airflow/dags every 300 seconds
[2025-05-23T13:26:49.466+0000] {manager.py:821} INFO - Searching for files in /opt/airflow/dags
[2025-05-23T13:26:49.468+0000] {manager.py:824} INFO - There are 0 files in /opt/airflow/dags
[2025-05-23T13:27:54.782+0000] {manager.py:465} INFO - Exiting gracefully upon receiving signal 15
[2025-05-23T13:28:13.642+0000] {manager.py:483} INFO - Processing files using up to 2 processes at a time 
[2025-05-23T13:28:13.643+0000] {manager.py:484} INFO - Process each file at most once every 30 seconds
[2025-05-23T13:28:13.647+0000] {manager.py:485} INFO - Checking for new files in /opt/airflow/dags every 300 seconds
[2025-05-23T13:28:13.647+0000] {manager.py:821} INFO - Searching for files in /opt/airflow/dags
[2025-05-23T13:28:13.649+0000] {manager.py:824} INFO - There are 0 files in /opt/airflow/dags
[2025-05-23T13:28:19.779+0000] {manager.py:465} INFO - Exiting gracefully upon receiving signal 15
[2025-05-23T13:28:31.996+0000] {manager.py:483} INFO - Processing files using up to 2 processes at a time 
[2025-05-23T13:28:31.998+0000] {manager.py:484} INFO - Process each file at most once every 30 seconds
[2025-05-23T13:28:31.999+0000] {manager.py:485} INFO - Checking for new files in /opt/airflow/dags every 300 seconds
[2025-05-23T13:28:32.000+0000] {manager.py:821} INFO - Searching for files in /opt/airflow/dags
[2025-05-23T13:28:32.002+0000] {manager.py:824} INFO - There are 0 files in /opt/airflow/dags
[2025-05-23T13:33:32.731+0000] {manager.py:821} INFO - Searching for files in /opt/airflow/dags
[2025-05-23T13:33:32.742+0000] {manager.py:824} INFO - There are 0 files in /opt/airflow/dags
[2025-05-23T13:36:50.175+0000] {manager.py:465} INFO - Exiting gracefully upon receiving signal 15
[2025-05-23T13:37:26.890+0000] {manager.py:483} INFO - Processing files using up to 2 processes at a time 
[2025-05-23T13:37:26.891+0000] {manager.py:484} INFO - Process each file at most once every 30 seconds
[2025-05-23T13:37:26.892+0000] {manager.py:485} INFO - Checking for new files in /opt/airflow/dags every 300 seconds
[2025-05-23T13:37:26.892+0000] {manager.py:821} INFO - Searching for files in /opt/airflow/dags
[2025-05-23T13:37:26.893+0000] {manager.py:824} INFO - There are 0 files in /opt/airflow/dags
[2025-05-23T13:37:34.232+0000] {manager.py:465} INFO - Exiting gracefully upon receiving signal 15
[2025-05-23T13:37:47.602+0000] {manager.py:483} INFO - Processing files using up to 2 processes at a time 
[2025-05-23T13:37:47.603+0000] {manager.py:484} INFO - Process each file at most once every 30 seconds
[2025-05-23T13:37:47.603+0000] {manager.py:485} INFO - Checking for new files in /opt/airflow/dags every 300 seconds
[2025-05-23T13:37:47.603+0000] {manager.py:821} INFO - Searching for files in /opt/airflow/dags
[2025-05-23T13:37:47.605+0000] {manager.py:824} INFO - There are 0 files in /opt/airflow/dags
[2025-05-23T13:37:51.948+0000] {manager.py:465} INFO - Exiting gracefully upon receiving signal 15
[2025-05-23T13:38:14.920+0000] {manager.py:483} INFO - Processing files using up to 2 processes at a time 
[2025-05-23T13:38:14.921+0000] {manager.py:484} INFO - Process each file at most once every 30 seconds
[2025-05-23T13:38:14.922+0000] {manager.py:485} INFO - Checking for new files in /opt/airflow/dags every 300 seconds
[2025-05-23T13:38:14.922+0000] {manager.py:821} INFO - Searching for files in /opt/airflow/dags
[2025-05-23T13:38:14.924+0000] {manager.py:824} INFO - There are 0 files in /opt/airflow/dags
[2025-05-23T13:38:21.213+0000] {manager.py:465} INFO - Exiting gracefully upon receiving signal 15
[2025-05-23T13:38:32.312+0000] {manager.py:483} INFO - Processing files using up to 2 processes at a time 
[2025-05-23T13:38:32.313+0000] {manager.py:484} INFO - Process each file at most once every 30 seconds
[2025-05-23T13:38:32.313+0000] {manager.py:485} INFO - Checking for new files in /opt/airflow/dags every 300 seconds
[2025-05-23T13:38:32.313+0000] {manager.py:821} INFO - Searching for files in /opt/airflow/dags
[2025-05-23T13:38:32.315+0000] {manager.py:824} INFO - There are 0 files in /opt/airflow/dags
[2025-05-23T13:43:33.085+0000] {manager.py:821} INFO - Searching for files in /opt/airflow/dags
[2025-05-23T13:43:33.092+0000] {manager.py:824} INFO - There are 0 files in /opt/airflow/dags
[2025-05-23T13:48:33.352+0000] {manager.py:821} INFO - Searching for files in /opt/airflow/dags
[2025-05-23T13:48:33.361+0000] {manager.py:824} INFO - There are 0 files in /opt/airflow/dags
[2025-05-23T13:55:18.103+0000] {manager.py:821} INFO - Searching for files in /opt/airflow/dags
[2025-05-23T13:55:18.108+0000] {manager.py:824} INFO - There are 0 files in /opt/airflow/dags
[2025-05-23T14:03:57.509+0000] {manager.py:821} INFO - Searching for files in /opt/airflow/dags
[2025-05-23T14:03:57.514+0000] {manager.py:824} INFO - There are 0 files in /opt/airflow/dags
[2025-05-23T14:08:58.035+0000] {manager.py:821} INFO - Searching for files in /opt/airflow/dags
[2025-05-23T14:08:58.042+0000] {manager.py:824} INFO - There are 0 files in /opt/airflow/dags
[2025-05-23T14:13:58.867+0000] {manager.py:821} INFO - Searching for files in /opt/airflow/dags
[2025-05-23T14:13:58.879+0000] {manager.py:824} INFO - There are 0 files in /opt/airflow/dags
[2025-05-23T14:18:59.750+0000] {manager.py:821} INFO - Searching for files in /opt/airflow/dags
[2025-05-23T14:18:59.771+0000] {manager.py:824} INFO - There are 0 files in /opt/airflow/dags
[2025-05-23T14:24:00.020+0000] {manager.py:821} INFO - Searching for files in /opt/airflow/dags
[2025-05-23T14:24:00.033+0000] {manager.py:824} INFO - There are 0 files in /opt/airflow/dags
[2025-05-23T14:29:00.889+0000] {manager.py:821} INFO - Searching for files in /opt/airflow/dags
[2025-05-23T14:29:00.906+0000] {manager.py:824} INFO - There are 0 files in /opt/airflow/dags
[2025-05-23T14:34:01.760+0000] {manager.py:821} INFO - Searching for files in /opt/airflow/dags
[2025-05-23T14:34:01.774+0000] {manager.py:824} INFO - There are 0 files in /opt/airflow/dags
[2025-05-23T14:39:01.975+0000] {manager.py:821} INFO - Searching for files in /opt/airflow/dags
[2025-05-23T14:39:01.981+0000] {manager.py:824} INFO - There are 0 files in /opt/airflow/dags
[2025-05-23T14:57:26.187+0000] {manager.py:821} INFO - Searching for files in /opt/airflow/dags
[2025-05-23T14:57:26.196+0000] {manager.py:824} INFO - There are 0 files in /opt/airflow/dags
[2025-05-23T15:02:26.672+0000] {manager.py:821} INFO - Searching for files in /opt/airflow/dags
[2025-05-23T15:02:26.679+0000] {manager.py:824} INFO - There are 0 files in /opt/airflow/dags
[2025-05-23T15:07:26.756+0000] {manager.py:821} INFO - Searching for files in /opt/airflow/dags
[2025-05-23T15:07:26.773+0000] {manager.py:824} INFO - There are 0 files in /opt/airflow/dags
[2025-05-23T15:12:26.988+0000] {manager.py:821} INFO - Searching for files in /opt/airflow/dags
[2025-05-23T15:12:27.000+0000] {manager.py:824} INFO - There are 0 files in /opt/airflow/dags
[2025-05-23T15:16:33.813+0000] {manager.py:465} INFO - Exiting gracefully upon receiving signal 15
